<?xml version="1.0" encoding="UTF-8"?>
<coverage generated="1763507294549" clover="3.2.0">
  <project timestamp="1763507294549" name="All files">
    <metrics statements="40" coveredstatements="40" conditionals="15" coveredconditionals="13" methods="17" coveredmethods="17" elements="72" coveredelements="70" complexity="0" loc="40" ncloc="40" packages="8" files="15" classes="15"/>
    <package name="api">
      <metrics statements="12" coveredstatements="12" conditionals="4" coveredconditionals="4" methods="3" coveredmethods="3"/>
      <file name="client.ts" path="C:\Users\LAB-48\abp-2025-2\front\src\api\client.ts">
        <metrics statements="12" coveredstatements="12" conditionals="4" coveredconditionals="4" methods="3" coveredmethods="3"/>
        <line num="14" count="3" type="stmt"/>
        <line num="15" count="1" type="cond" truecount="2" falsecount="0"/>
        <line num="16" count="1" type="stmt"/>
        <line num="17" count="3" type="stmt"/>
        <line num="18" count="3" type="stmt"/>
        <line num="19" count="3" type="stmt"/>
        <line num="20" count="2" type="cond" truecount="2" falsecount="0"/>
        <line num="21" count="1" type="stmt"/>
        <line num="23" count="1" type="stmt"/>
        <line num="26" count="2" type="stmt"/>
        <line num="27" count="2" type="stmt"/>
        <line num="28" count="2" type="stmt"/>
      </file>
    </package>
    <package name="assets">
      <metrics statements="0" coveredstatements="0" conditionals="0" coveredconditionals="0" methods="0" coveredmethods="0"/>
      <file name="LogoInpe.png" path="C:\Users\LAB-48\abp-2025-2\front\src\assets\LogoInpe.png">
        <metrics statements="0" coveredstatements="0" conditionals="0" coveredconditionals="0" methods="0" coveredmethods="0"/>
      </file>
      <file name="govLogo.png" path="C:\Users\LAB-48\abp-2025-2\front\src\assets\govLogo.png">
        <metrics statements="0" coveredstatements="0" conditionals="0" coveredconditionals="0" methods="0" coveredmethods="0"/>
      </file>
    </package>
    <package name="components.Card">
      <metrics statements="1" coveredstatements="1" conditionals="0" coveredconditionals="0" methods="1" coveredmethods="1"/>
      <file name="Card.module.css" path="C:\Users\LAB-48\abp-2025-2\front\src\components\Card\Card.module.css">
        <metrics statements="0" coveredstatements="0" conditionals="0" coveredconditionals="0" methods="0" coveredmethods="0"/>
      </file>
      <file name="Card.tsx" path="C:\Users\LAB-48\abp-2025-2\front\src\components\Card\Card.tsx">
        <metrics statements="1" coveredstatements="1" conditionals="0" coveredconditionals="0" methods="1" coveredmethods="1"/>
        <line num="13" count="2" type="stmt"/>
      </file>
    </package>
    <package name="components.ClickableCard">
      <metrics statements="12" coveredstatements="12" conditionals="4" coveredconditionals="3" methods="5" coveredmethods="5"/>
      <file name="ClickableCard.module.css" path="C:\Users\LAB-48\abp-2025-2\front\src\components\ClickableCard\ClickableCard.module.css">
        <metrics statements="0" coveredstatements="0" conditionals="0" coveredconditionals="0" methods="0" coveredmethods="0"/>
      </file>
      <file name="ClickableCard.tsx" path="C:\Users\LAB-48\abp-2025-2\front\src\components\ClickableCard\ClickableCard.tsx">
        <metrics statements="12" coveredstatements="12" conditionals="4" coveredconditionals="3" methods="5" coveredmethods="5"/>
        <line num="17" count="5" type="stmt"/>
        <line num="19" count="5" type="stmt"/>
        <line num="21" count="5" type="stmt"/>
        <line num="22" count="1" type="stmt"/>
        <line num="24" count="1" type="stmt"/>
        <line num="25" count="1" type="stmt"/>
        <line num="29" count="5" type="stmt"/>
        <line num="31" count="1" type="stmt"/>
        <line num="35" count="5" type="stmt"/>
        <line num="37" count="1" type="cond" truecount="1" falsecount="1"/>
        <line num="38" count="1" type="stmt"/>
        <line num="42" count="5" type="stmt"/>
      </file>
    </package>
    <package name="components.Header">
      <metrics statements="7" coveredstatements="7" conditionals="2" coveredconditionals="1" methods="4" coveredmethods="4"/>
      <file name="Header.module.css" path="C:\Users\LAB-48\abp-2025-2\front\src\components\Header\Header.module.css">
        <metrics statements="0" coveredstatements="0" conditionals="0" coveredconditionals="0" methods="0" coveredmethods="0"/>
      </file>
      <file name="Header.tsx" path="C:\Users\LAB-48\abp-2025-2\front\src\components\Header\Header.tsx">
        <metrics statements="7" coveredstatements="7" conditionals="2" coveredconditionals="1" methods="4" coveredmethods="4"/>
        <line num="10" count="1" type="stmt"/>
        <line num="13" count="1" type="stmt"/>
        <line num="24" count="1" type="stmt"/>
        <line num="25" count="1" type="stmt"/>
        <line num="29" count="1" type="stmt"/>
        <line num="38" count="6" type="stmt"/>
        <line num="63" count="6" type="stmt"/>
      </file>
    </package>
    <package name="components.ProjectCard">
      <metrics statements="2" coveredstatements="2" conditionals="0" coveredconditionals="0" methods="1" coveredmethods="1"/>
      <file name="ProjectCard.module.css" path="C:\Users\LAB-48\abp-2025-2\front\src\components\ProjectCard\ProjectCard.module.css">
        <metrics statements="0" coveredstatements="0" conditionals="0" coveredconditionals="0" methods="0" coveredmethods="0"/>
      </file>
      <file name="ProjectCard.tsx" path="C:\Users\LAB-48\abp-2025-2\front\src\components\ProjectCard\ProjectCard.tsx">
        <metrics statements="2" coveredstatements="2" conditionals="0" coveredconditionals="0" methods="1" coveredmethods="1"/>
        <line num="12" count="1" type="stmt"/>
        <line num="13" count="1" type="stmt"/>
      </file>
    </package>
    <package name="components.SearchBar">
      <metrics statements="2" coveredstatements="2" conditionals="1" coveredconditionals="1" methods="1" coveredmethods="1"/>
      <file name="SearchBar.module.css" path="C:\Users\LAB-48\abp-2025-2\front\src\components\SearchBar\SearchBar.module.css">
        <metrics statements="0" coveredstatements="0" conditionals="0" coveredconditionals="0" methods="0" coveredmethods="0"/>
      </file>
      <file name="SearchBar.tsx" path="C:\Users\LAB-48\abp-2025-2\front\src\components\SearchBar\SearchBar.tsx">
        <metrics statements="2" coveredstatements="2" conditionals="1" coveredconditionals="1" methods="1" coveredmethods="1"/>
        <line num="8" count="1" type="cond" truecount="1" falsecount="0"/>
        <line num="9" count="3" type="stmt"/>
      </file>
    </package>
    <package name="components.Table">
      <metrics statements="4" coveredstatements="4" conditionals="4" coveredconditionals="4" methods="2" coveredmethods="2"/>
      <file name="Table.module.css" path="C:\Users\LAB-48\abp-2025-2\front\src\components\Table\Table.module.css">
        <metrics statements="0" coveredstatements="0" conditionals="0" coveredconditionals="0" methods="0" coveredmethods="0"/>
      </file>
      <file name="Table.tsx" path="C:\Users\LAB-48\abp-2025-2\front\src\components\Table\Table.tsx">
        <metrics statements="4" coveredstatements="4" conditionals="4" coveredconditionals="4" methods="2" coveredmethods="2"/>
        <line num="13" count="3" type="cond" truecount="2" falsecount="0"/>
        <line num="14" count="1" type="stmt"/>
        <line num="17" count="2" type="stmt"/>
        <line num="31" count="1" type="stmt"/>
      </file>
    </package>
  </project>
</coverage>
