{"C:\\Users\\LAB-48\\abp-2025-2\\front\\src\\api\\client.ts": {"path":"C:\\Users\\LAB-48\\abp-2025-2\\front\\src\\api\\client.ts","statementMap":{"0":{"start":{"line":14,"column":19},"end":{"line":16,"column":null}},"1":{"start":{"line":15,"column":24},"end":{"line":15,"column":45}},"2":{"start":{"line":16,"column":21},"end":{"line":16,"column":55}},"3":{"start":{"line":17,"column":15},"end":{"line":17,"column":null}},"4":{"start":{"line":18,"column":4},"end":{"line":54,"column":null}},"5":{"start":{"line":19,"column":20},"end":{"line":19,"column":null}},"6":{"start":{"line":20,"column":8},"end":{"line":20,"column":null}},"7":{"start":{"line":20,"column":21},"end":{"line":20,"column":null}},"8":{"start":{"line":21,"column":21},"end":{"line":21,"column":null}},"9":{"start":{"line":23,"column":8},"end":{"line":23,"column":null}},"10":{"start":{"line":26,"column":4},"end":{"line":26,"column":null}},"11":{"start":{"line":27,"column":16},"end":{"line":27,"column":null}},"12":{"start":{"line":28,"column":4},"end":{"line":53,"column":null}}},"fnMap":{"0":{"name":"getMeasurements","decl":{"start":{"line":13,"column":22},"end":{"line":13,"column":38}},"loc":{"start":{"line":13,"column":92},"end":{"line":55,"column":null}},"line":13},"1":{"name":"(anonymous_1)","decl":{"start":{"line":15,"column":12},"end":{"line":15,"column":13}},"loc":{"start":{"line":15,"column":24},"end":{"line":15,"column":45}},"line":15},"2":{"name":"(anonymous_2)","decl":{"start":{"line":16,"column":9},"end":{"line":16,"column":10}},"loc":{"start":{"line":16,"column":21},"end":{"line":16,"column":55}},"line":16}},"branchMap":{"0":{"loc":{"start":{"line":15,"column":24},"end":{"line":15,"column":45}},"type":"binary-expr","locations":[{"start":{"line":15,"column":24},"end":{"line":15,"column":36}},{"start":{"line":15,"column":36},"end":{"line":15,"column":45}}],"line":15},"1":{"loc":{"start":{"line":20,"column":8},"end":{"line":20,"column":null}},"type":"if","locations":[{"start":{"line":20,"column":8},"end":{"line":20,"column":null}},{"start":{},"end":{}}],"line":20}},"s":{"0":3,"1":1,"2":1,"3":3,"4":3,"5":3,"6":2,"7":2,"8":1,"9":1,"10":2,"11":2,"12":2},"f":{"0":3,"1":1,"2":1},"b":{"0":[1,1],"1":[1,1]},"meta":{"lastBranch":2,"lastFunction":3,"lastStatement":13,"seen":{"f:13:22:13:38":0,"s:14:19:16:Infinity":0,"f:15:12:15:13":1,"s:15:24:15:45":1,"b:15:24:15:36:15:36:15:45":0,"f:16:9:16:10":2,"s:16:21:16:55":2,"s:17:15:17:Infinity":3,"s:18:4:54:Infinity":4,"s:19:20:19:Infinity":5,"b:20:8:20:Infinity:undefined:undefined:undefined:undefined":1,"s:20:8:20:Infinity":6,"s:20:21:20:Infinity":7,"s:21:21:21:Infinity":8,"s:23:8:23:Infinity":9,"s:26:4:26:Infinity":10,"s:27:16:27:Infinity":11,"s:28:4:53:Infinity":12}}}
,"C:\\Users\\LAB-48\\abp-2025-2\\front\\src\\assets\\LogoBalcar.png": {"path":"C:\\Users\\LAB-48\\abp-2025-2\\front\\src\\assets\\LogoBalcar.png","statementMap":{},"fnMap":{},"branchMap":{},"s":{},"f":{},"b":{},"meta":{"lastBranch":0,"lastFunction":0,"lastStatement":0,"seen":{}}}
,"C:\\Users\\LAB-48\\abp-2025-2\\front\\src\\assets\\LogoFurnas.png": {"path":"C:\\Users\\LAB-48\\abp-2025-2\\front\\src\\assets\\LogoFurnas.png","statementMap":{},"fnMap":{},"branchMap":{},"s":{},"f":{},"b":{},"meta":{"lastBranch":0,"lastFunction":0,"lastStatement":0,"seen":{}}}
,"C:\\Users\\LAB-48\\abp-2025-2\\front\\src\\assets\\LogoInpe.png": {"path":"C:\\Users\\LAB-48\\abp-2025-2\\front\\src\\assets\\LogoInpe.png","statementMap":{},"fnMap":{},"branchMap":{},"s":{},"f":{},"b":{},"meta":{"lastBranch":0,"lastFunction":0,"lastStatement":0,"seen":{}}}
,"C:\\Users\\LAB-48\\abp-2025-2\\front\\src\\assets\\LogoSIMA.png": {"path":"C:\\Users\\LAB-48\\abp-2025-2\\front\\src\\assets\\LogoSIMA.png","statementMap":{},"fnMap":{},"branchMap":{},"s":{},"f":{},"b":{},"meta":{"lastBranch":0,"lastFunction":0,"lastStatement":0,"seen":{}}}
,"C:\\Users\\LAB-48\\abp-2025-2\\front\\src\\assets\\govLogo.png": {"path":"C:\\Users\\LAB-48\\abp-2025-2\\front\\src\\assets\\govLogo.png","statementMap":{},"fnMap":{},"branchMap":{},"s":{},"f":{},"b":{},"meta":{"lastBranch":0,"lastFunction":0,"lastStatement":0,"seen":{}}}
,"C:\\Users\\LAB-48\\abp-2025-2\\front\\src\\components\\Card\\Card.module.css": {"path":"C:\\Users\\LAB-48\\abp-2025-2\\front\\src\\components\\Card\\Card.module.css","statementMap":{},"fnMap":{},"branchMap":{},"s":{},"f":{},"b":{},"meta":{"lastBranch":0,"lastFunction":0,"lastStatement":0,"seen":{}}}
,"C:\\Users\\LAB-48\\abp-2025-2\\front\\src\\components\\Card\\Card.tsx": {"path":"C:\\Users\\LAB-48\\abp-2025-2\\front\\src\\components\\Card\\Card.tsx","statementMap":{"0":{"start":{"line":13,"column":2},"end":{"line":27,"column":null}}},"fnMap":{"0":{"name":"Card","decl":{"start":{"line":12,"column":24},"end":{"line":12,"column":29}},"loc":{"start":{"line":12,"column":75},"end":{"line":29,"column":null}},"line":12}},"branchMap":{},"s":{"0":3},"f":{"0":3},"b":{},"meta":{"lastBranch":0,"lastFunction":1,"lastStatement":1,"seen":{"f:12:24:12:29":0,"s:13:2:27:Infinity":0}}}
,"C:\\Users\\LAB-48\\abp-2025-2\\front\\src\\components\\Charts\\ChartBarEvents.tsx": {"path":"C:\\Users\\LAB-48\\abp-2025-2\\front\\src\\components\\Charts\\ChartBarEvents.tsx","statementMap":{"0":{"start":{"line":10,"column":4},"end":{"line":26,"column":null}}},"fnMap":{"0":{"name":"ChartBarEvents","decl":{"start":{"line":9,"column":16},"end":{"line":9,"column":31}},"loc":{"start":{"line":9,"column":52},"end":{"line":28,"column":null}},"line":9}},"branchMap":{},"s":{"0":1},"f":{"0":1},"b":{},"meta":{"lastBranch":0,"lastFunction":1,"lastStatement":1,"seen":{"f:9:16:9:31":0,"s:10:4:26:Infinity":0}}}
,"C:\\Users\\LAB-48\\abp-2025-2\\front\\src\\components\\ClickableCard\\ClickableCard.module.css": {"path":"C:\\Users\\LAB-48\\abp-2025-2\\front\\src\\components\\ClickableCard\\ClickableCard.module.css","statementMap":{},"fnMap":{},"branchMap":{},"s":{},"f":{},"b":{},"meta":{"lastBranch":0,"lastFunction":0,"lastStatement":0,"seen":{}}}
,"C:\\Users\\LAB-48\\abp-2025-2\\front\\src\\components\\ClickableCard\\ClickableCard.tsx": {"path":"C:\\Users\\LAB-48\\abp-2025-2\\front\\src\\components\\ClickableCard\\ClickableCard.tsx","statementMap":{"0":{"start":{"line":17,"column":36},"end":{"line":17,"column":null}},"1":{"start":{"line":19,"column":42},"end":{"line":19,"column":null}},"2":{"start":{"line":21,"column":20},"end":{"line":27,"column":null}},"3":{"start":{"line":22,"column":4},"end":{"line":22,"column":null}},"4":{"start":{"line":24,"column":4},"end":{"line":26,"column":null}},"5":{"start":{"line":25,"column":6},"end":{"line":25,"column":null}},"6":{"start":{"line":29,"column":21},"end":{"line":32,"column":null}},"7":{"start":{"line":31,"column":4},"end":{"line":31,"column":null}},"8":{"start":{"line":35,"column":30},"end":{"line":40,"column":null}},"9":{"start":{"line":37,"column":4},"end":{"line":39,"column":null}},"10":{"start":{"line":38,"column":6},"end":{"line":38,"column":null}},"11":{"start":{"line":42,"column":2},"end":{"line":63,"column":null}}},"fnMap":{"0":{"name":"ClickableCard","decl":{"start":{"line":11,"column":24},"end":{"line":11,"column":38}},"loc":{"start":{"line":15,"column":23},"end":{"line":65,"column":null}},"line":15},"1":{"name":"(anonymous_1)","decl":{"start":{"line":21,"column":20},"end":{"line":21,"column":26}},"loc":{"start":{"line":21,"column":26},"end":{"line":27,"column":null}},"line":21},"2":{"name":"(anonymous_2)","decl":{"start":{"line":24,"column":15},"end":{"line":24,"column":21}},"loc":{"start":{"line":24,"column":21},"end":{"line":26,"column":7}},"line":24},"3":{"name":"(anonymous_3)","decl":{"start":{"line":29,"column":21},"end":{"line":29,"column":27}},"loc":{"start":{"line":29,"column":27},"end":{"line":32,"column":null}},"line":29},"4":{"name":"(anonymous_4)","decl":{"start":{"line":35,"column":30},"end":{"line":35,"column":36}},"loc":{"start":{"line":35,"column":36},"end":{"line":40,"column":null}},"line":35}},"branchMap":{"0":{"loc":{"start":{"line":37,"column":4},"end":{"line":39,"column":null}},"type":"if","locations":[{"start":{"line":37,"column":4},"end":{"line":39,"column":null}},{"start":{},"end":{}}],"line":37},"1":{"loc":{"start":{"line":54,"column":7},"end":{"line":61,"column":null}},"type":"binary-expr","locations":[{"start":{"line":54,"column":7},"end":{"line":54,"column":null}},{"start":{"line":55,"column":8},"end":{"line":61,"column":null}}],"line":54}},"s":{"0":5,"1":5,"2":5,"3":1,"4":1,"5":1,"6":5,"7":1,"8":5,"9":1,"10":1,"11":5},"f":{"0":5,"1":1,"2":1,"3":1,"4":1},"b":{"0":[1,0],"1":[5,3]},"meta":{"lastBranch":2,"lastFunction":5,"lastStatement":12,"seen":{"f:11:24:11:38":0,"s:17:36:17:Infinity":0,"s:19:42:19:Infinity":1,"s:21:20:27:Infinity":2,"f:21:20:21:26":1,"s:22:4:22:Infinity":3,"s:24:4:26:Infinity":4,"f:24:15:24:21":2,"s:25:6:25:Infinity":5,"s:29:21:32:Infinity":6,"f:29:21:29:27":3,"s:31:4:31:Infinity":7,"s:35:30:40:Infinity":8,"f:35:30:35:36":4,"b:37:4:39:Infinity:undefined:undefined:undefined:undefined":0,"s:37:4:39:Infinity":9,"s:38:6:38:Infinity":10,"s:42:2:63:Infinity":11,"b:54:7:54:Infinity:55:8:61:Infinity":1}}}
,"C:\\Users\\LAB-48\\abp-2025-2\\front\\src\\components\\Header\\Header.module.css": {"path":"C:\\Users\\LAB-48\\abp-2025-2\\front\\src\\components\\Header\\Header.module.css","statementMap":{},"fnMap":{},"branchMap":{},"s":{},"f":{},"b":{},"meta":{"lastBranch":0,"lastFunction":0,"lastStatement":0,"seen":{}}}
,"C:\\Users\\LAB-48\\abp-2025-2\\front\\src\\components\\Header\\Header.tsx": {"path":"C:\\Users\\LAB-48\\abp-2025-2\\front\\src\\components\\Header\\Header.tsx","statementMap":{"0":{"start":{"line":10,"column":34},"end":{"line":10,"column":null}},"1":{"start":{"line":13,"column":22},"end":{"line":20,"column":null}},"2":{"start":{"line":24,"column":26},"end":{"line":26,"column":null}},"3":{"start":{"line":25,"column":4},"end":{"line":25,"column":null}},"4":{"start":{"line":29,"column":2},"end":{"line":70,"column":null}},"5":{"start":{"line":38,"column":12},"end":{"line":38,"column":null}},"6":{"start":{"line":63,"column":14},"end":{"line":65,"column":null}}},"fnMap":{"0":{"name":"Header","decl":{"start":{"line":9,"column":24},"end":{"line":9,"column":33}},"loc":{"start":{"line":9,"column":33},"end":{"line":72,"column":null}},"line":9},"1":{"name":"(anonymous_1)","decl":{"start":{"line":24,"column":26},"end":{"line":24,"column":32}},"loc":{"start":{"line":24,"column":32},"end":{"line":26,"column":null}},"line":24},"2":{"name":"(anonymous_2)","decl":{"start":{"line":37,"column":27},"end":{"line":37,"column":null}},"loc":{"start":{"line":38,"column":12},"end":{"line":38,"column":null}},"line":38},"3":{"name":"(anonymous_3)","decl":{"start":{"line":62,"column":29},"end":{"line":62,"column":null}},"loc":{"start":{"line":63,"column":14},"end":{"line":65,"column":null}},"line":63}},"branchMap":{"0":{"loc":{"start":{"line":59,"column":45},"end":{"line":59,"column":78}},"type":"cond-expr","locations":[{"start":{"line":59,"column":58},"end":{"line":59,"column":76}},{"start":{"line":59,"column":76},"end":{"line":59,"column":78}}],"line":59}},"s":{"0":1,"1":1,"2":1,"3":1,"4":1,"5":6,"6":6},"f":{"0":1,"1":1,"2":6,"3":6},"b":{"0":[0,1]},"meta":{"lastBranch":1,"lastFunction":4,"lastStatement":7,"seen":{"f:9:24:9:33":0,"s:10:34:10:Infinity":0,"s:13:22:20:Infinity":1,"s:24:26:26:Infinity":2,"f:24:26:24:32":1,"s:25:4:25:Infinity":3,"s:29:2:70:Infinity":4,"f:37:27:37:Infinity":2,"s:38:12:38:Infinity":5,"b:59:58:59:76:59:76:59:78":0,"f:62:29:62:Infinity":3,"s:63:14:65:Infinity":6}}}
,"C:\\Users\\LAB-48\\abp-2025-2\\front\\src\\components\\ProjectCard\\ProjectCard.module.css": {"path":"C:\\Users\\LAB-48\\abp-2025-2\\front\\src\\components\\ProjectCard\\ProjectCard.module.css","statementMap":{},"fnMap":{},"branchMap":{},"s":{},"f":{},"b":{},"meta":{"lastBranch":0,"lastFunction":0,"lastStatement":0,"seen":{}}}
,"C:\\Users\\LAB-48\\abp-2025-2\\front\\src\\components\\ProjectCard\\ProjectCard.tsx": {"path":"C:\\Users\\LAB-48\\abp-2025-2\\front\\src\\components\\ProjectCard\\ProjectCard.tsx","statementMap":{"0":{"start":{"line":12,"column":48},"end":{"line":26,"column":null}},"1":{"start":{"line":13,"column":2},"end":{"line":24,"column":null}}},"fnMap":{"0":{"name":"(anonymous_0)","decl":{"start":{"line":12,"column":48},"end":{"line":12,"column":49}},"loc":{"start":{"line":12,"column":91},"end":{"line":26,"column":null}},"line":12}},"branchMap":{},"s":{"0":1,"1":1},"f":{"0":1},"b":{},"meta":{"lastBranch":0,"lastFunction":1,"lastStatement":2,"seen":{"s:12:48:26:Infinity":0,"f:12:48:12:49":0,"s:13:2:24:Infinity":1}}}
,"C:\\Users\\LAB-48\\abp-2025-2\\front\\src\\components\\SearchBar\\SearchBar.module.css": {"path":"C:\\Users\\LAB-48\\abp-2025-2\\front\\src\\components\\SearchBar\\SearchBar.module.css","statementMap":{},"fnMap":{},"branchMap":{},"s":{},"f":{},"b":{},"meta":{"lastBranch":0,"lastFunction":0,"lastStatement":0,"seen":{}}}
,"C:\\Users\\LAB-48\\abp-2025-2\\front\\src\\components\\SearchBar\\SearchBar.tsx": {"path":"C:\\Users\\LAB-48\\abp-2025-2\\front\\src\\components\\SearchBar\\SearchBar.tsx","statementMap":{"0":{"start":{"line":8,"column":44},"end":{"line":21,"column":null}},"1":{"start":{"line":9,"column":2},"end":{"line":19,"column":null}}},"fnMap":{"0":{"name":"(anonymous_0)","decl":{"start":{"line":8,"column":44},"end":{"line":8,"column":45}},"loc":{"start":{"line":8,"column":79},"end":{"line":21,"column":null}},"line":8}},"branchMap":{"0":{"loc":{"start":{"line":8,"column":47},"end":{"line":8,"column":73}},"type":"default-arg","locations":[{"start":{"line":8,"column":61},"end":{"line":8,"column":73}}],"line":8}},"s":{"0":1,"1":3},"f":{"0":3},"b":{"0":[3]},"meta":{"lastBranch":1,"lastFunction":1,"lastStatement":2,"seen":{"s:8:44:21:Infinity":0,"f:8:44:8:45":0,"b:8:61:8:73":0,"s:9:2:19:Infinity":1}}}
,"C:\\Users\\LAB-48\\abp-2025-2\\front\\src\\components\\Table\\Table.module.css": {"path":"C:\\Users\\LAB-48\\abp-2025-2\\front\\src\\components\\Table\\Table.module.css","statementMap":{},"fnMap":{},"branchMap":{},"s":{},"f":{},"b":{},"meta":{"lastBranch":0,"lastFunction":0,"lastStatement":0,"seen":{}}}
,"C:\\Users\\LAB-48\\abp-2025-2\\front\\src\\components\\Table\\Table.tsx": {"path":"C:\\Users\\LAB-48\\abp-2025-2\\front\\src\\components\\Table\\Table.tsx","statementMap":{"0":{"start":{"line":13,"column":2},"end":{"line":15,"column":null}},"1":{"start":{"line":14,"column":4},"end":{"line":14,"column":null}},"2":{"start":{"line":17,"column":2},"end":{"line":48,"column":null}},"3":{"start":{"line":31,"column":12},"end":{"line":37,"column":null}}},"fnMap":{"0":{"name":"Table","decl":{"start":{"line":12,"column":24},"end":{"line":12,"column":30}},"loc":{"start":{"line":12,"column":56},"end":{"line":50,"column":null}},"line":12},"1":{"name":"(anonymous_1)","decl":{"start":{"line":30,"column":20},"end":{"line":30,"column":21}},"loc":{"start":{"line":31,"column":12},"end":{"line":37,"column":null}},"line":31}},"branchMap":{"0":{"loc":{"start":{"line":13,"column":2},"end":{"line":15,"column":null}},"type":"if","locations":[{"start":{"line":13,"column":2},"end":{"line":15,"column":null}},{"start":{},"end":{}}],"line":13},"1":{"loc":{"start":{"line":39,"column":11},"end":{"line":44,"column":null}},"type":"binary-expr","locations":[{"start":{"line":39,"column":11},"end":{"line":39,"column":null}},{"start":{"line":40,"column":12},"end":{"line":44,"column":null}}],"line":39}},"s":{"0":3,"1":1,"2":2,"3":1},"f":{"0":3,"1":1},"b":{"0":[1,2],"1":[2,1]},"meta":{"lastBranch":2,"lastFunction":2,"lastStatement":4,"seen":{"f:12:24:12:30":0,"b:13:2:15:Infinity:undefined:undefined:undefined:undefined":0,"s:13:2:15:Infinity":0,"s:14:4:14:Infinity":1,"s:17:2:48:Infinity":2,"f:30:20:30:21":1,"s:31:12:37:Infinity":3,"b:39:11:39:Infinity:40:12:44:Infinity":1}}}
,"C:\\Users\\LAB-48\\abp-2025-2\\front\\src\\pages\\Home\\HomePage.module.css": {"path":"C:\\Users\\LAB-48\\abp-2025-2\\front\\src\\pages\\Home\\HomePage.module.css","statementMap":{},"fnMap":{},"branchMap":{},"s":{},"f":{},"b":{},"meta":{"lastBranch":0,"lastFunction":0,"lastStatement":0,"seen":{}}}
,"C:\\Users\\LAB-48\\abp-2025-2\\front\\src\\pages\\Home\\HomePage.tsx": {"path":"C:\\Users\\LAB-48\\abp-2025-2\\front\\src\\pages\\Home\\HomePage.tsx","statementMap":{"0":{"start":{"line":10,"column":20},"end":{"line":29,"column":null}},"1":{"start":{"line":31,"column":21},"end":{"line":44,"column":null}},"2":{"start":{"line":48,"column":38},"end":{"line":48,"column":null}},"3":{"start":{"line":50,"column":2},"end":{"line":59,"column":null}},"4":{"start":{"line":51,"column":26},"end":{"line":53,"column":null}},"5":{"start":{"line":52,"column":6},"end":{"line":52,"column":null}},"6":{"start":{"line":52,"column":22},"end":{"line":52,"column":72}},"7":{"start":{"line":56,"column":4},"end":{"line":58,"column":null}},"8":{"start":{"line":57,"column":6},"end":{"line":57,"column":null}},"9":{"start":{"line":61,"column":22},"end":{"line":61,"column":null}},"10":{"start":{"line":63,"column":2},"end":{"line":91,"column":null}},"11":{"start":{"line":72,"column":10},"end":{"line":78,"column":null}}},"fnMap":{"0":{"name":"HomePage","decl":{"start":{"line":46,"column":24},"end":{"line":46,"column":35}},"loc":{"start":{"line":46,"column":35},"end":{"line":93,"column":null}},"line":46},"1":{"name":"(anonymous_1)","decl":{"start":{"line":50,"column":12},"end":{"line":50,"column":18}},"loc":{"start":{"line":50,"column":18},"end":{"line":59,"column":5}},"line":50},"2":{"name":"(anonymous_2)","decl":{"start":{"line":51,"column":38},"end":{"line":51,"column":44}},"loc":{"start":{"line":51,"column":44},"end":{"line":53,"column":7}},"line":51},"3":{"name":"(anonymous_3)","decl":{"start":{"line":52,"column":22},"end":{"line":52,"column":36}},"loc":{"start":{"line":52,"column":22},"end":{"line":52,"column":72}},"line":52},"4":{"name":"(anonymous_4)","decl":{"start":{"line":56,"column":11},"end":{"line":56,"column":17}},"loc":{"start":{"line":56,"column":17},"end":{"line":58,"column":null}},"line":56},"5":{"name":"(anonymous_5)","decl":{"start":{"line":71,"column":25},"end":{"line":71,"column":26}},"loc":{"start":{"line":72,"column":10},"end":{"line":78,"column":null}},"line":72}},"branchMap":{},"s":{"0":1,"1":1,"2":4,"3":4,"4":2,"5":2,"6":2,"7":2,"8":2,"9":4,"10":4,"11":12},"f":{"0":4,"1":2,"2":2,"3":2,"4":2,"5":12},"b":{},"meta":{"lastBranch":0,"lastFunction":6,"lastStatement":12,"seen":{"s:10:20:29:Infinity":0,"s:31:21:44:Infinity":1,"f:46:24:46:35":0,"s:48:38:48:Infinity":2,"s:50:2:59:Infinity":3,"f:50:12:50:18":1,"s:51:26:53:Infinity":4,"f:51:38:51:44":2,"s:52:6:52:Infinity":5,"f:52:22:52:36":3,"s:52:22:52:72":6,"s:56:4:58:Infinity":7,"f:56:11:56:17":4,"s:57:6:57:Infinity":8,"s:61:22:61:Infinity":9,"s:63:2:91:Infinity":10,"f:71:25:71:26":5,"s:72:10:78:Infinity":11}}}
}
